<?xml version="1.0" encoding="UTF-8"?>
<testsuite xmlns:xsi="http://www.w3.org/2001/XMLSchema-instance" xsi:noNamespaceSchemaLocation="https://maven.apache.org/surefire/maven-surefire-plugin/xsd/surefire-test-report.xsd" name="org.example.CalcTest" time="0.011" tests="1" errors="0" skipped="0" failures="0">
  <properties>
    <property name="socksProxyHost" value="127.0.0.1"/>
    <property name="http.proxyHost" value="127.0.0.1"/>
    <property name="java.specification.version" value="18"/>
    <property name="sun.jnu.encoding" value="UTF-8"/>
    <property name="java.class.path" value="/Users/zihangcao/Desktop/Design/T4/Tutorial 4/tutorial4/target/test-classes:/Users/zihangcao/Desktop/Design/T4/Tutorial 4/tutorial4/target/classes:/Users/zihangcao/.m2/repository/org/junit/jupiter/junit-jupiter-engine/5.4.0/junit-jupiter-engine-5.4.0.jar:/Users/zihangcao/.m2/repository/org/apiguardian/apiguardian-api/1.0.0/apiguardian-api-1.0.0.jar:/Users/zihangcao/.m2/repository/org/junit/platform/junit-platform-engine/1.4.0/junit-platform-engine-1.4.0.jar:/Users/zihangcao/.m2/repository/org/opentest4j/opentest4j/1.1.1/opentest4j-1.1.1.jar:/Users/zihangcao/.m2/repository/org/junit/platform/junit-platform-commons/1.4.0/junit-platform-commons-1.4.0.jar:/Users/zihangcao/.m2/repository/org/junit/jupiter/junit-jupiter-api/5.4.0/junit-jupiter-api-5.4.0.jar:/Users/zihangcao/.m2/repository/org/junit/jupiter/junit-jupiter/5.9.0/junit-jupiter-5.9.0.jar:/Users/zihangcao/.m2/repository/org/junit/jupiter/junit-jupiter-params/5.9.0/junit-jupiter-params-5.9.0.jar:"/>
    <property name="https.proxyPort" value="7890"/>
    <property name="java.vm.vendor" value="Oracle Corporation"/>
    <property name="sun.arch.data.model" value="64"/>
    <property name="java.vendor.url" value="https://java.oracle.com/"/>
    <property name="os.name" value="Mac OS X"/>
    <property name="java.vm.specification.version" value="18"/>
    <property name="sun.java.launcher" value="SUN_STANDARD"/>
    <property name="user.country" value="CN"/>
    <property name="sun.boot.library.path" value="/Library/Java/JavaVirtualMachines/jdk-18.0.2.jdk/Contents/Home/lib"/>
    <property name="sun.java.command" value="/Users/zihangcao/Desktop/Design/T4/Tutorial 4/tutorial4/target/surefire/surefirebooter8193105680183830171.jar /Users/zihangcao/Desktop/Design/T4/Tutorial 4/tutorial4/target/surefire 2022-08-16T13-21-22_728-jvmRun1 surefire17823000958374843063tmp surefire_015686293138355761293tmp"/>
    <property name="http.nonProxyHosts" value="192.168.0.0/16|*.192.168.0.0/16|10.0.0.0/8|*.10.0.0.0/8|172.16.0.0/12|*.172.16.0.0/12|127.0.0.1|localhost|*.localhost|local|*.local|timestamp.apple.com|*.timestamp.apple.com"/>
    <property name="jdk.debug" value="release"/>
    <property name="surefire.test.class.path" value="/Users/zihangcao/Desktop/Design/T4/Tutorial 4/tutorial4/target/test-classes:/Users/zihangcao/Desktop/Design/T4/Tutorial 4/tutorial4/target/classes:/Users/zihangcao/.m2/repository/org/junit/jupiter/junit-jupiter-engine/5.4.0/junit-jupiter-engine-5.4.0.jar:/Users/zihangcao/.m2/repository/org/apiguardian/apiguardian-api/1.0.0/apiguardian-api-1.0.0.jar:/Users/zihangcao/.m2/repository/org/junit/platform/junit-platform-engine/1.4.0/junit-platform-engine-1.4.0.jar:/Users/zihangcao/.m2/repository/org/opentest4j/opentest4j/1.1.1/opentest4j-1.1.1.jar:/Users/zihangcao/.m2/repository/org/junit/platform/junit-platform-commons/1.4.0/junit-platform-commons-1.4.0.jar:/Users/zihangcao/.m2/repository/org/junit/jupiter/junit-jupiter-api/5.4.0/junit-jupiter-api-5.4.0.jar:/Users/zihangcao/.m2/repository/org/junit/jupiter/junit-jupiter/5.9.0/junit-jupiter-5.9.0.jar:/Users/zihangcao/.m2/repository/org/junit/jupiter/junit-jupiter-params/5.9.0/junit-jupiter-params-5.9.0.jar:"/>
    <property name="sun.cpu.endian" value="little"/>
    <property name="user.home" value="/Users/zihangcao"/>
    <property name="user.language" value="zh"/>
    <property name="java.specification.vendor" value="Oracle Corporation"/>
    <property name="java.version.date" value="2022-07-19"/>
    <property name="java.home" value="/Library/Java/JavaVirtualMachines/jdk-18.0.2.jdk/Contents/Home"/>
    <property name="file.separator" value="/"/>
    <property name="https.proxyHost" value="127.0.0.1"/>
    <property name="basedir" value="/Users/zihangcao/Desktop/Design/T4/Tutorial 4/tutorial4"/>
    <property name="java.vm.compressedOopsMode" value="Zero based"/>
    <property name="line.separator" value="&#10;"/>
    <property name="java.vm.specification.vendor" value="Oracle Corporation"/>
    <property name="java.specification.name" value="Java Platform API Specification"/>
    <property name="apple.awt.application.name" value="ForkedBooter"/>
    <property name="surefire.real.class.path" value="/Users/zihangcao/Desktop/Design/T4/Tutorial 4/tutorial4/target/surefire/surefirebooter8193105680183830171.jar"/>
    <property name="user.script" value="Hans"/>
    <property name="sun.management.compiler" value="HotSpot 64-Bit Tiered Compilers"/>
    <property name="ftp.nonProxyHosts" value="192.168.0.0/16|*.192.168.0.0/16|10.0.0.0/8|*.10.0.0.0/8|172.16.0.0/12|*.172.16.0.0/12|127.0.0.1|localhost|*.localhost|local|*.local|timestamp.apple.com|*.timestamp.apple.com"/>
    <property name="java.runtime.version" value="18.0.2+9-61"/>
    <property name="user.name" value="zihangcao"/>
    <property name="path.separator" value=":"/>
    <property name="os.version" value="11.6"/>
    <property name="java.runtime.name" value="Java(TM) SE Runtime Environment"/>
    <property name="file.encoding" value="UTF-8"/>
    <property name="java.vm.name" value="Java HotSpot(TM) 64-Bit Server VM"/>
    <property name="localRepository" value="/Users/zihangcao/.m2/repository"/>
    <property name="java.vendor.url.bug" value="https://bugreport.java.com/bugreport/"/>
    <property name="java.io.tmpdir" value="/var/folders/th/gdjmhwxj1f9b2rrzz05p1pvh0000gn/T/"/>
    <property name="java.version" value="18.0.2"/>
    <property name="user.dir" value="/Users/zihangcao/Desktop/Design/T4/Tutorial 4/tutorial4"/>
    <property name="os.arch" value="x86_64"/>
    <property name="socksProxyPort" value="7890"/>
    <property name="java.vm.specification.name" value="Java Virtual Machine Specification"/>
    <property name="native.encoding" value="UTF-8"/>
    <property name="java.library.path" value="/Users/zihangcao/Library/Java/Extensions:/Library/Java/Extensions:/Network/Library/Java/Extensions:/System/Library/Java/Extensions:/usr/lib/java:."/>
    <property name="java.vm.info" value="mixed mode, sharing"/>
    <property name="java.vendor" value="Oracle Corporation"/>
    <property name="java.vm.version" value="18.0.2+9-61"/>
    <property name="sun.io.unicode.encoding" value="UnicodeBig"/>
    <property name="socksNonProxyHosts" value="192.168.0.0/16|*.192.168.0.0/16|10.0.0.0/8|*.10.0.0.0/8|172.16.0.0/12|*.172.16.0.0/12|127.0.0.1|localhost|*.localhost|local|*.local|timestamp.apple.com|*.timestamp.apple.com"/>
    <property name="java.class.version" value="62.0"/>
    <property name="http.proxyPort" value="7890"/>
  </properties>
  <testcase name="testAddition" classname="org.example.CalcTest" time="0.007"/>
</testsuite>